[06:52:06] [main/INFO]: Loading Minecraft 1.21.11 with Fabric Loader 0.18.3
[06:52:07] [main/INFO]: Loading 96 mods:
	- bluemap 5.15
	   |-- com_flowpowered_flow-math 1.0.3
	   \-- de_bluecolored_bluenbt 3.5.0
	- chunky 1.4.55
	- dcintegration-fabric 3.1.0.1
	   |-- de_erdbeerbaerlp_dcintegration_common 3.1.0
	   \-- placeholder-api 2.8.0+1.21.9
	- distanthorizons 2.4.2-b
	   |-- fabric-api-base 1.0.5+4ebb5c0853
	   |-- fabric-entity-events-v1 3.0.5+4ebb5c0853
	   |-- fabric-key-binding-api-v1 1.1.7+4fc5413f53
	   |-- fabric-lifecycle-events-v1 2.6.15+4ebb5c0853
	   |-- fabric-rendering-v1 16.2.5+1fb1cde953
	   |-- fabric-resource-loader-v0 3.3.4+4fc5413f53
	   |-- fabric-resource-loader-v1 1.0.10+78c8b46653
	   \-- fabric-screen-api-v1 3.1.7+4ebb5c0853
	- fabric-api 0.139.5+1.21.11
	   |-- fabric-api-lookup-api-v1 1.6.113+1fb1cde93e
	   |-- fabric-biome-api-v1 17.1.1+4fc5413f3e
	   |-- fabric-block-api-v1 1.1.10+4ebb5c083e
	   |-- fabric-block-view-api-v2 1.0.39+4ebb5c083e
	   |-- fabric-command-api-v2 2.4.7+6b42a6003e
	   |-- fabric-content-registries-v0 10.2.14+4fc5413f3e
	   |-- fabric-convention-tags-v1 2.1.55+7f945d5b3e
	   |-- fabric-convention-tags-v2 2.17.3+8ef948ba3e
	   |-- fabric-crash-report-info-v1 0.3.23+4ebb5c083e
	   |-- fabric-data-attachment-api-v1 1.8.43+1fb1cde93e
	   |-- fabric-data-generation-api-v1 23.3.0+ae1056283e
	   |-- fabric-dimensions-v1 4.0.28+4fc5413f3e
	   |-- fabric-events-interaction-v0 4.0.44+1fb1cde93e
	   |-- fabric-game-rule-api-v1 2.0.3+4fc5413f3e
	   |-- fabric-item-api-v1 11.5.20+d0c46b9e3e
	   |-- fabric-item-group-api-v1 4.2.36+4fc5413f3e
	   |-- fabric-key-binding-api-v1 1.1.7+4fc5413f3e
	   |-- fabric-loot-api-v2 3.0.73+3f89f5a53e
	   |-- fabric-loot-api-v3 2.0.20+78c8b4663e
	   |-- fabric-message-api-v1 6.1.12+4ebb5c083e
	   |-- fabric-networking-api-v1 5.1.5+ae1e07683e
	   |-- fabric-object-builder-api-v1 21.1.38+4fc5413f3e
	   |-- fabric-particles-v1 4.2.11+4fc5413f3e
	   |-- fabric-recipe-api-v1 8.2.3+4ebb5c083e
	   |-- fabric-registry-sync-v0 6.2.4+4ebb5c083e
	   |-- fabric-rendering-fluids-v1 3.1.43+4ebb5c083e
	   |-- fabric-rendering-v1 16.2.6+1fb1cde93e
	   |-- fabric-resource-conditions-api-v1 5.0.35+4fc5413f3e
	   |-- fabric-screen-api-v1 3.1.7+4ebb5c083e
	   |-- fabric-screen-handler-api-v1 1.3.160+4fc5413f3e
	   |-- fabric-serialization-api-v1 1.0.5+4ebb5c083e
	   |-- fabric-sound-api-v1 1.0.51+4fc5413f3e
	   |-- fabric-tag-api-v1 1.2.20+4fc5413f3e
	   |-- fabric-transfer-api-v1 6.0.24+4fc5413f3e
	   \-- fabric-transitive-access-wideners-v1 7.0.8+0107c3da3e
	- fabricloader 0.18.3
	   \-- mixinextras 0.5.0
	- floodgate 2.2.6-SNAPSHOT
	   |-- aopalliance_aopalliance 1.0
	   |-- cloud 2.0.0-beta.15
	   |    |-- io_leangen_geantyref_geantyref 1.3.15
	   |    |-- org_incendo_cloud-brigadier 2.0.0-beta.14
	   |    |-- org_incendo_cloud-core 2.0.0
	   |    |-- org_incendo_cloud-minecraft-modded-common-fabric-repack 2.0.0-beta.15
	   |    \-- org_incendo_cloud-services 2.0.0
	   |-- com_google_guava_failureaccess 1.0.1
	   |-- fabric-permissions-api-v0 0.6.1
	   |-- jakarta_inject_jakarta_inject-api 2.0.1
	   |-- javax_inject_javax_inject 1
	   |-- org_geysermc_cumulus_cumulus 1.1.2
	   |-- org_geysermc_event_events 1.1-SNAPSHOT
	   |-- org_geysermc_geyser_common_unshaded 2.2.1-SNAPSHOT
	   |-- org_java-websocket_java-websocket 1.5.2
	   \-- org_lanternpowered_lmbda 2.0.0
	- geyser-fabric 2.9.2-SNAPSHOT
	   |-- com_google_errorprone_error_prone_annotations 2.27.0
	   |-- com_nukkitx_natives 1.0.3
	   |-- io_airlift_aircompressor 0.27
	   |-- io_netty_netty-codec-haproxy 4.2.7
	   |-- net_jodah_expiringmap 0.5.10
	   |-- net_kyori_adventure-api 4.25.0
	   |-- net_kyori_adventure-key 4.25.0
	   |-- net_kyori_adventure-nbt 4.25.0
	   |-- net_kyori_adventure-text-serializer-commons 4.25.0
	   |-- net_kyori_adventure-text-serializer-gson 4.25.0
	   |-- net_kyori_adventure-text-serializer-json 4.25.0
	   |-- net_kyori_adventure-text-serializer-json-legacy-impl 4.25.0
	   |-- net_kyori_adventure-text-serializer-legacy 4.25.0
	   |-- net_kyori_adventure-text-serializer-plain 4.25.0
	   |-- net_kyori_examination-api 1.3.0
	   |-- net_kyori_examination-string 1.3.0
	   |-- net_kyori_option 1.1.0
	   |-- net_lenni0451_commons_gson 1.9.0
	   |-- net_lenni0451_commons_httpclient 1.9.0
	   |-- net_raphimc_minecraftauth 5.0.0
	   |-- org_bitbucket_b_c_jose4j 0.9.6
	   |-- org_bstats_bstats-base 3.1.0
	   |-- org_cloudburstmc_math_api 2.0
	   |-- org_cloudburstmc_math_immutable 2.0
	   |-- org_cloudburstmc_nbt 3.0.3
	   |-- org_geysermc_api_base-api 1.0.2
	   |-- org_geysermc_cumulus_cumulus 1.1.2
	   |-- org_geysermc_event_events 1.1-SNAPSHOT
	   |-- org_lanternpowered_lmbda 2.0.0
	   \-- org_yaml_snakeyaml 2.2
	- java 21
	- lithium 0.21.1+mc1.21.11
	- minecraft 1.21.11
	- terralith 2.5.14
[06:52:07] [main/INFO]: SpongePowered MIXIN Subsystem Version=0.8.7 Source=file:/home/eusminecraftserver2/libraries/net/fabricmc/sponge-mixin/0.16.5+mixin.0.8.7/sponge-mixin-0.16.5+mixin.0.8.7.jar Service=Knot/Fabric Env=SERVER
[06:52:07] [main/INFO]: Compatibility level set to JAVA_17
[06:52:07] [main/INFO]: Compatibility level set to JAVA_21
[06:52:08] [main/INFO]: Loaded configuration file for Lithium: 164 options available, 0 override(s) found.
[06:52:09] [main/INFO]: Initializing MixinExtras via com.llamalad7.mixinextras.service.MixinExtrasServiceImpl(version=0.5.0).
[06:52:21] [main/WARN]: en_ is not a supported Floodgate language.
[06:52:22] [main/INFO]: Loading extensions...
[06:52:22] [main/INFO]: Loaded 0 extension(s)
[06:52:23] [main/INFO]: Initializing Distant Horizons server, firing DhApiBeforeDhInitEvent event...
[06:52:23] [main/INFO]: Running library validation...
[06:52:23] [main/INFO]: Garbage collectors: [G1 Young Generation, G1 Concurrent GC, G1 Old Generation]
[06:52:23] [main/WARN]: Distant Horizons: G1 Garbage collector detected. 
This garbage collector can cause FPS stuttering. 
It's recommended to use a concurrent garbage collector 
like ZGC (Java 21+) or Shenandoah (Java 8 through 17) for a smoother experience. 

[06:52:23] [main/INFO]: Distant Horizons, Version: 2.4.2-b
[06:52:23] [main/INFO]: Registering Fabric Server Events
[06:52:23] [main/INFO]: Skipping mod compatibility accessor for: [starlight]
[06:52:23] [main/INFO]: Skipping mod compatibility accessor for: [optifine]
[06:52:23] [main/INFO]: Skipping mod compatibility accessor for: [bclib]
[06:52:23] [main/INFO]: Skipping mod compatibility accessor for: [c2me]
[06:52:23] [main/INFO]: Skipping mod compatibility accessor for: [iris]
[06:52:23] [main/INFO]: Distant Horizons server Initialized, adding event subscribers...
[06:52:23] [main/WARN]: Invalid sha1 for resource-pack-sha1
[06:52:23] [main/WARN]: resource-pack-id missing, using default of be0a1a4f-1a1a-35da-89e2-2dc256c1cea8
[06:52:23] [main/INFO]: Environment: Environment[sessionHost=https://sessionserver.mojang.com, servicesHost=https://api.minecraftservices.com, profilesHost=https://api.mojang.com, name=PROD]
[06:52:28] [Worker-Main-1/WARN]: Found loot table element validation problem in {minecraft:entities/bat@minecraft:loot_table}.pools[2].entries[0]: Missing element bat_membranes:entities/bat of type minecraft:loot_table
[06:52:28] [Worker-Main-1/WARN]: Found loot table element validation problem in {minecraft:entities/husk@minecraft:loot_table}.pools[2].entries[0]: Missing element husks_drop_sand:entities/husk of type minecraft:loot_table
[06:52:28] [Worker-Main-1/WARN]: Found loot table element validation problem in {minecraft:entities/player@minecraft:loot_table}.pools[1].entries[0]: Missing element graves:entities/player of type minecraft:loot_table
[06:52:28] [Worker-Main-1/WARN]: Found loot table element validation problem in {minecraft:entities/villager@minecraft:loot_table}.pools[2].entries[0]: Missing element villager_death:entities/villager of type minecraft:loot_table
[06:52:29] [Worker-Main-1/ERROR]: Couldn't parse data file 'blazeandcave:challenges/explorer_of_worlds' from 'blazeandcave:advancement/challenges/explorer_of_worlds.json': DataResult.Error['Missing tag: 'blazeandcave:end_barrens' in 'minecraft:worldgen/biome'; Missing tag: 'blazeandcave:end_midlands' in 'minecraft:worldgen/biome' missed input: {"end_midlands":{"trigger":"minecraft:location","conditions":{"player":[{"condition":"minecraft:any_of","terms":[{"condition":"minecraft:entity_properties","entity":"this","predicate":{"location":{"biomes":"#blazeandcave:end_midlands"}}}]},{"condition":"minecraft:inverted","term":{"condition":"minecraft:entity_properties","entity":"this","predicate":{"type_specific":{"type":"player","gamemode":["spectator"]}}}}]}},"end_barrens":{"trigger":"minecraft:location","conditions":{"player":[{"condition":"minecraft:any_of","terms":[{"condition":"minecraft:entity_properties","entity":"this","predicate":{"location":{"biomes":"#blazeandcave:end_barrens"}}}]},{"condition":"minecraft:inverted","term":{"condition":"minecraft:entity_properties","entity":"this","predicate":{"type_specific":{"type":"player","gamemode":["spectator"]}}}}]}}}': class_161[parent=Optional[blazeandcave:challenges/im_in_space], display=Optional[net.minecraft.class_185@3a09e99d], rewards=class_170[experience=0, loot=[], recipes=[], function=Optional[net.minecraft.class_2159@a1ad9cf]], criteria={windswept_forest=class_175[trigger=net.minecraft.class_2135@44fe5dff, triggerInstance=class_2137[player=Optional[net.minecraft.class_5258@39382bc0]]], swamp=class_175[trigger=net.minecraft.class_2135@44fe5dff, triggerInstance=class_2137[player=Optional[net.minecraft.class_5258@4e9f42f5]]], ice_spikes=class_175[trigger=net.minecraft.class_2135@44fe5dff, triggerInstance=class_2137[player=Optional[net.minecraft.class_5258@12973e48]]], nether_wastes=class_175[trigger=net.minecraft.class_2135@44fe5dff, triggerInstance=class_2137[player=Optional[net.minecraft.class_5258@4ef4c8db]]], beach=class_175[trigger=net.minecraft.class_2135@44fe5dff, triggerInstance=class_2137[player=Optional[net.minecraft.class_5258@366a8cee]]], cold_ocean=class_175[trigger=net.minecraft.class_2135@44fe5dff, triggerInstance=class_2137[player=Optional[net.minecraft.class_5258@256f83c]]], meadow=class_175[trigger=net.minecraft.class_2135@44fe5dff, triggerInstance=class_2137[player=Optional[net.minecraft.class_5258@2918e340]]], small_end_islands=class_175[trigger=net.minecraft.class_2135@44fe5dff, triggerInstance=class_2137[player=Optional[net.minecraft.class_5258@414244a8]]], end_barrens=class_175[trigger=net.minecraft.class_2135@44fe5dff, triggerInstance=class_2137[player=Optional[net.minecraft.class_5258@23adad92]]], bamboo_jungle=class_175[trigger=net.minecraft.class_2135@44fe5dff, triggerInstance=class_2137[player=Optional[net.minecraft.class_5258@168f26c3]]], plains=class_175[trigger=net.minecraft.class_2135@44fe5dff, triggerInstance=class_2137[player=Optional[net.minecraft.class_5258@7863d5b1]]], windswept_gravelly_hills=class_175[trigger=net.minecraft.class_2135@44fe5dff, triggerInstance=class_2137[player=Optional[net.minecraft.class_5258@2bd7b911]]], deep_ocean=class_175[trigger=net.minecraft.class_2135@44fe5dff, triggerInstance=class_2137[player=Optional[net.minecraft.class_5258@655850c4]]], old_growth_birch_forest=class_175[trigger=net.minecraft.class_2135@44fe5dff, triggerInstance=class_2137[player=Optional[net.minecraft.class_5258@a0ecb92]]], deep_dark=class_175[trigger=net.minecraft.class_2135@44fe5dff, triggerInstance=class_2137[player=Optional[net.minecraft.class_5258@6ca6593f]]], cherry_grove=class_175[trigger=net.minecraft.class_2135@44fe5dff, triggerInstance=class_2137[player=Optional[net.minecraft.class_5258@7aaf7a8b]]], pale_garden=class_175[trigger=net.minecraft.class_2135@44fe5dff, triggerInstance=class_2137[player=Optional[net.minecraft.class_5258@5d56db6a]]], snowy_plains=class_175[trigger=net.minecraft.class_2135@44fe5dff, triggerInstance=class_2137[player=Optional[net.minecraft.class_5258@2178d909]]], taiga=class_175[trigger=net.minecraft.class_2135@44fe5dff, triggerInstance=class_2137[player=Optional[net.minecraft.class_5258@7f4913b8]]], crimson_forest=class_175[trigger=net.minecraft.class_2135@44fe5dff, triggerInstance=class_2137[player=Optional[net.minecraft.class_5258@7e3345f8]]], ocean=class_175[trigger=net.minecraft.class_2135@44fe5dff, triggerInstance=class_2137[player=Optional[net.minecraft.class_5258@15554cdf]]], mushroom_fields=class_175[trigger=net.minecraft.class_2135@44fe5dff, triggerInstance=class_2137[player=Optional[net.minecraft.class_5258@72027fed]]], sunflower_plains=class_175[trigger=net.minecraft.class_2135@44fe5dff, triggerInstance=class_2137[player=Optional[net.minecraft.class_5258@45e176c6]]], flower_forest=class_175[trigger=net.minecraft.class_2135@44fe5dff, triggerInstance=class_2137[player=Optional[net.minecraft.class_5258@2119e707]]], badlands=class_175[trigger=net.minecraft.class_2135@44fe5dff, triggerInstance=class_2137[player=Optional[net.minecraft.class_5258@1e15744f]]], end_midlands=class_175[trigger=net.minecraft.class_2135@44fe5dff, triggerInstance=class_2137[player=Optional[net.minecraft.class_5258@7f898d77]]], dark_forest=class_175[trigger=net.minecraft.class_2135@44fe5dff, triggerInstance=class_2137[player=Optional[net.minecraft.class_5258@31908306]]], windswept_savanna=class_175[trigger=net.minecraft.class_2135@44fe5dff, triggerInstance=class_2137[player=Optional[net.minecraft.class_5258@5fdf6bec]]], savanna=class_175[trigger=net.minecraft.class_2135@44fe5dff, triggerInstance=class_2137[player=Optional[net.minecraft.class_5258@6a5dcb54]]], river=class_175[trigger=net.minecraft.class_2135@44fe5dff, triggerInstance=class_2137[player=Optional[net.minecraft.class_5258@590c015d]]], birch_forest=class_175[trigger=net.minecraft.class_2135@44fe5dff, triggerInstance=class_2137[player=Optional[net.minecraft.class_5258@6cb131c9]]], the_end=class_175[trigger=net.minecraft.class_2135@44fe5dff, triggerInstance=class_2137[player=Optional[net.minecraft.class_5258@4815b7b8]]], deep_frozen_ocean=class_175[trigger=net.minecraft.class_2135@44fe5dff, triggerInstance=class_2137[player=Optional[net.minecraft.class_5258@4c16d285]]], savanna_plateau=class_175[trigger=net.minecraft.class_2135@44fe5dff, triggerInstance=class_2137[player=Optional[net.minecraft.class_5258@752934b3]]], grove=class_175[trigger=net.minecraft.class_2135@44fe5dff, triggerInstance=class_2137[player=Optional[net.minecraft.class_5258@10f37ca6]]], desert=class_175[trigger=net.minecraft.class_2135@44fe5dff, triggerInstance=class_2137[player=Optional[net.minecraft.class_5258@75beb177]]], deep_cold_ocean=class_175[trigger=net.minecraft.class_2135@44fe5dff, triggerInstance=class_2137[player=Optional[net.minecraft.class_5258@fc6c7bf]]], frozen_peaks=class_175[trigger=net.minecraft.class_2135@44fe5dff, triggerInstance=class_2137[player=Optional[net.minecraft.class_5258@3376f658]]], old_growth_spruce_taiga=class_175[trigger=net.minecraft.class_2135@44fe5dff, triggerInstance=class_2137[player=Optional[net.minecraft.class_5258@386bbadc]]], mangrove_swamp=class_175[trigger=net.minecraft.class_2135@44fe5dff, triggerInstance=class_2137[player=Optional[net.minecraft.class_5258@38de91af]]], forest=class_175[trigger=net.minecraft.class_2135@44fe5dff, triggerInstance=class_2137[player=Optional[net.minecraft.class_5258@19c5234]]], frozen_ocean=class_175[trigger=net.minecraft.class_2135@44fe5dff, triggerInstance=class_2137[player=Optional[net.minecraft.class_5258@55cb069]]], eroded_badlands=class_175[trigger=net.minecraft.class_2135@44fe5dff, triggerInstance=class_2137[player=Optional[net.minecraft.class_5258@60044744]]], end_highlands=class_175[trigger=net.minecraft.class_2135@44fe5dff, triggerInstance=class_2137[player=Optional[net.minecraft.class_5258@2c9bf102]]], lush_caves=class_175[trigger=net.minecraft.class_2135@44fe5dff, triggerInstance=class_2137[player=Optional[net.minecraft.class_5258@4ff51b57]]], basalt_deltas=class_175[trigger=net.minecraft.class_2135@44fe5dff, triggerInstance=class_2137[player=Optional[net.minecraft.class_5258@2f4a2538]]], stony_shore=class_175[trigger=net.minecraft.class_2135@44fe5dff, triggerInstance=class_2137[player=Optional[net.minecraft.class_5258@6d3669f2]]], lukewarm_ocean=class_175[trigger=net.minecraft.class_2135@44fe5dff, triggerInstance=class_2137[player=Optional[net.minecraft.class_5258@1e5686b7]]], jagged_peaks=class_175[trigger=net.minecraft.class_2135@44fe5dff, triggerInstance=class_2137[player=Optional[net.minecraft.class_5258@791e1989]]], frozen_river=class_175[trigger=net.minecraft.class_2135@44fe5dff, triggerInstance=class_2137[player=Optional[net.minecraft.class_5258@7838077]]], stony_peaks=class_175[trigger=net.minecraft.class_2135@44fe5dff, triggerInstance=class_2137[player=Optional[net.minecraft.class_5258@59a4008c]]], soul_sand_valley=class_175[trigger=net.minecraft.class_2135@44fe5dff, triggerInstance=class_2137[player=Optional[net.minecraft.class_5258@73ed5631]]], snowy_slopes=class_175[trigger=net.minecraft.class_2135@44fe5dff, triggerInstance=class_2137[player=Optional[net.minecraft.class_5258@7a36db94]]], warped_forest=class_175[trigger=net.minecraft.class_2135@44fe5dff, triggerInstance=class_2137[player=Optional[net.minecraft.class_5258@61ad6c9d]]], snowy_beach=class_175[trigger=net.minecraft.class_2135@44fe5dff, triggerInstance=class_2137[player=Optional[net.minecraft.class_5258@1874a044]]], sparse_jungle=class_175[trigger=net.minecraft.class_2135@44fe5dff, triggerInstance=class_2137[player=Optional[net.minecraft.class_5258@13121a5]]], jungle=class_175[trigger=net.minecraft.class_2135@44fe5dff, triggerInstance=class_2137[player=Optional[net.minecraft.class_5258@4d17b06c]]], warm_ocean=class_175[trigger=net.minecraft.class_2135@44fe5dff, triggerInstance=class_2137[player=Optional[net.minecraft.class_5258@47d4e4d7]]], old_growth_pine_taiga=class_175[trigger=net.minecraft.class_2135@44fe5dff, triggerInstance=class_2137[player=Optional[net.minecraft.class_5258@7a1f0ae9]]], snowy_taiga=class_175[trigger=net.minecraft.class_2135@44fe5dff, triggerInstance=class_2137[player=Optional[net.minecraft.class_5258@72ab3006]]], windswept_hills=class_175[trigger=net.minecraft.class_2135@44fe5dff, triggerInstance=class_2137[player=Optional[net.minecraft.class_5258@24f6aef]]], wooded_badlands=class_175[trigger=net.minecraft.class_2135@44fe5dff, triggerInstance=class_2137[player=Optional[net.minecraft.class_5258@62ddd42d]]], dripstone_caves=class_175[trigger=net.minecraft.class_2135@44fe5dff, triggerInstance=class_2137[player=Optional[net.minecraft.class_5258@6017c2dd]]], deep_lukewarm_ocean=class_175[trigger=net.minecraft.class_2135@44fe5dff, triggerInstance=class_2137[player=Optional[net.minecraft.class_5258@4b97e5d9]]]}, requirements=[[river], [swamp], [desert], [snowy_taiga], [badlands], [forest], [stony_shore], [snowy_plains], [wooded_badlands], [savanna], [plains], [frozen_river], [old_growth_pine_taiga], [snowy_beach], [deep_ocean], [sparse_jungle], [ocean], [windswept_hills], [jungle], [beach], [savanna_plateau], [dark_forest], [taiga], [birch_forest], [mushroom_fields], [windswept_forest], [cold_ocean], [warm_ocean], [lukewarm_ocean], [frozen_ocean], [deep_frozen_ocean], [deep_lukewarm_ocean], [deep_cold_ocean], [bamboo_jungle], [sunflower_plains], [windswept_gravelly_hills], [flower_forest], [ice_spikes], [old_growth_birch_forest], [old_growth_spruce_taiga], [windswept_savanna], [eroded_badlands], [meadow], [grove], [snowy_slopes], [frozen_peaks], [jagged_peaks], [stony_peaks], [lush_caves], [dripstone_caves], [nether_wastes], [crimson_forest], [warped_forest], [soul_sand_valley], [basalt_deltas], [the_end], [small_end_islands], [end_highlands], [end_midlands], [end_barrens], [mangrove_swamp], [deep_dark], [cherry_grove], [pale_garden]], sendsTelemetryEvent=false, name=Optional[translation{key='chat.square_brackets', args=[translation{key='Explorer of Worlds', args=[]}[style={hoverEvent=class_10613[value=translation{key='Explorer of Worlds', args=[]}[style={color=dark_purple}, siblings=[literal{
}, translation{key='Discover every vanilla biome from every dimension', args=[]}[style={color=#FF2A2A}]]]]}]]}[style={color=dark_purple}]]]]
[06:52:32] [main/INFO]: Loaded 1844 recipes
[06:52:32] [main/ERROR]: Couldn't load advancements: [blazeandcave:technical/biome_branch2_end, blazeandcave:adventure/castle_of_hrrms, blazeandcave:biomes/highlander, blazeandcave:biomes/smarter_than_the_average_bear, blazeandcave:biomes/warm_feet, blazeandcave:biomes/high_feet, blazeandcave:mining/oresome, blazeandcave:adventure/raidin_master, blazeandcave:biomes/one_with_the_forest, blazeandcave:adventure/remote_shelter, blazeandcave:biomes/skylanders, blazeandcave:biomes/land_of_icicles, blazeandcave:biomes/terralithic, blazeandcave:biomes/pretty_in_purple, blazeandcave:biomes/over_the_moon, blazeandcave:adventure/totally_not_terraria, blazeandcave:biomes/aesthetic, blazeandcave:technical/biome_branch1_end, blazeandcave:biomes/o_land_o_bloom, blazeandcave:biomes/one_small_steppe_for_man, blazeandcave:biomes/master_spelunker, blazeandcave:challenges/i_am_loot, blazeandcave:adventure/a_journey_begins, blazeandcave:biomes/a_grassy_nature, blazeandcave:adventure/under_the_ice, blazeandcave:biomes/eruption_in_the_air, blazeandcave:biomes/cold_feet, blazeandcave:biomes/wet_feet, blazeandcave:biomes/alpha_days, blazeandcave:biomes/bushranger, blazeandcave:adventure/spire_of_ice, blazeandcave:biomes/overgrown, minecraft:adventure/adventuring_time, blazeandcave:biomes/a_cliffhanger, blazeandcave:biomes/the_world_is_your_canvas, blazeandcave:biomes/choco_mountain, blazeandcave:biomes/the_boreal_deal, blazeandcave:adventure/expedition_of_discovery]
[06:52:32] [main/INFO]: Loaded 1898 advancements
[06:52:32] [main/INFO]: Applied 0 biome modifications to 0 of 171 new biomes in 3.466 ms
[06:52:32] [Server thread/INFO]: Initialising config for [DistantHorizons]
[06:52:32] [Server thread/INFO]: [DistantHorizons] Config initialised
[06:52:32] [Server thread/WARN]: Multiple potential preset options [LOW_IMPACT, BALANCED], defaulting to the first one.
[06:52:32] [Server thread/INFO]: Applying config to loggers
[06:52:32] [Server thread/INFO]: Running Delayed setup...
[06:52:32] [Server thread/INFO]: Delayed setup complete, firing DhApiAfterDhInitEvent event...
[06:52:32] [Server thread/INFO]: Checking for Distant Horizons update
[06:52:33] [Server thread/INFO]: New version (2.4.3-b) of Distant Horizons is available
[06:52:33] [Server thread/INFO]: Download link: https://cdn.modrinth.com/data/uCdwusMi/versions/OmG1jkba/DistantHorizons-2.4.3-b-1.21.11-fabric-neoforge.jar
[06:52:33] [Server thread/INFO]: Distant Horizons server Initialized at 
[06:52:33] [Server thread/INFO]: Waiting for JDA to initialize to send starting message... (max 5 seconds before skipping)
[06:52:34] [DiscordIntegration Launch Thread/ERROR]: Invalid token, please set correct token in the config file!
[06:52:35] [DH-ApplyConfigPresetTimer/WARN]: Multiple potential preset options [LOW_IMPACT, BALANCED], defaulting to the first one.
[06:52:39] [Server thread/INFO]: Started [DhServerWorld] of type [SERVER_ONLY].
[06:52:39] [Server thread/INFO]: Starting minecraft server version 1.21.11
[06:52:39] [Server thread/INFO]: Loading properties
[06:52:39] [Server thread/INFO]: Default game type: SURVIVAL
[06:52:39] [Server thread/INFO]: Generating keypair
[06:52:39] [Server thread/INFO]: Starting Minecraft server on *:25565
[06:52:39] [Server thread/INFO]: Preparing level "eus-2"
[06:52:40] [DH-Full Data Migration Thread[0]/INFO]: No migration necessary.
[06:52:40] [Server thread/INFO]: Started DhServerLevel for [Wrapped{ServerLevel[eus-2]@minecraft@@overworld}] at [[LocalSaveStructure@(./eus-2/data)]].
[06:52:40] [DH-Request Module Ticker [minecraft@@overworld] Thread[0]/INFO]: Batch Chunk Generator initialized
[06:52:40] [DH-Request Module Ticker [minecraft@@overworld] Thread[0]/INFO]: Creating world gen queue
[06:52:40] [DH-Request Module Ticker [minecraft@@overworld] Thread[0]/INFO]: Created world gen queue
[06:52:40] [DH-Request Module Ticker [minecraft@@overworld] Thread[0]/INFO]: Set world gen queue for level [minecraft@@overworld].
[06:52:40] [DH-Full Data Migration Thread[0]/INFO]: No migration necessary.
[06:52:40] [Server thread/INFO]: Started DhServerLevel for [Wrapped{ServerLevel[eus-2]@minecraft@@the_nether}] at [[LocalSaveStructure@(./eus-2/DIM-1/data;./eus-2/data)]].
[06:52:40] [DH-Request Module Ticker [minecraft@@the_nether] Thread[0]/INFO]: Batch Chunk Generator initialized
[06:52:40] [DH-Request Module Ticker [minecraft@@the_nether] Thread[0]/INFO]: Creating world gen queue
[06:52:40] [DH-Request Module Ticker [minecraft@@the_nether] Thread[0]/INFO]: Created world gen queue
[06:52:40] [DH-Request Module Ticker [minecraft@@the_nether] Thread[0]/INFO]: Set world gen queue for level [minecraft@@the_nether].
[06:52:40] [DH-Full Data Migration Thread[0]/INFO]: No migration necessary.
[06:52:40] [Server thread/INFO]: Started DhServerLevel for [Wrapped{ServerLevel[eus-2]@minecraft@@the_end}] at [[LocalSaveStructure@(./eus-2/DIM-1/data;./eus-2/DIM1/data;./eus-2/data)]].
[06:52:40] [DH-Request Module Ticker [minecraft@@the_end] Thread[0]/INFO]: Batch Chunk Generator initialized
[06:52:40] [DH-Request Module Ticker [minecraft@@the_end] Thread[0]/INFO]: Creating world gen queue
[06:52:40] [DH-Request Module Ticker [minecraft@@the_end] Thread[0]/INFO]: Created world gen queue
[06:52:40] [DH-Request Module Ticker [minecraft@@the_end] Thread[0]/INFO]: Set world gen queue for level [minecraft@@the_end].
[06:52:40] [Server thread/INFO]: Loading 25 persistent chunks...
[06:52:40] [Server thread/INFO]: Preparing spawn area: 28%
[06:52:41] [Server thread/INFO]: Preparing spawn area: 28%
[06:52:41] [Server thread/INFO]: Preparing spawn area: 28%
[06:52:42] [Server thread/INFO]: Preparing spawn area: 28%
[06:52:42] [Server thread/INFO]: Preparing spawn area: 28%
[06:52:43] [Server thread/INFO]: Preparing spawn area: 28%
[06:52:43] [Server thread/INFO]: Preparing spawn area: 28%
[06:52:44] [Server thread/INFO]: Preparing spawn area: 28%
[06:52:44] [Server thread/INFO]: Preparing spawn area: 28%
[06:52:45] [Server thread/INFO]: Preparing spawn area: 28%
[06:52:45] [Server thread/INFO]: Preparing spawn area: 28%
[06:52:46] [Server thread/INFO]: Preparing spawn area: 28%
[06:52:46] [Server thread/INFO]: Preparing spawn area: 28%
[06:52:47] [Server thread/INFO]: Preparing spawn area: 28%
[06:52:47] [Server thread/INFO]: Preparing spawn area: 28%
[06:52:48] [Server thread/INFO]: Preparing spawn area: 28%
[06:52:48] [Server thread/INFO]: Time elapsed: 7763 ms
[06:52:48] [Server thread/INFO]: Done (8.840s)! For help, type "help"
[06:52:48] [BlueMap-Plugin-Loading/INFO]: Loading BlueMap...
[06:52:48] [Server thread/INFO]: Took 66ms to boot Floodgate
[06:52:49] [Server thread/INFO]: ******************************************
[06:52:49] [Server thread/INFO]: 
[06:52:49] [Server thread/INFO]: Loading Geyser version 2.9.2-b1007 (git-master-9a1d425)
[06:52:49] [Server thread/INFO]: 
[06:52:49] [Server thread/INFO]: ******************************************
[06:52:49] [BlueMap-Plugin-Loading/INFO]: Loading resources...
[06:52:55] [BlueMap-Plugin-Loading/INFO]: Resources loaded.
[06:52:56] [BlueMap-Plugin-Loading/INFO]: Initializing Storage: 'file' (Type: 'bluemap:file')
[06:52:56] [BlueMap-Plugin-Loading/INFO]: Loading map 'eus_2'...
[06:52:57] [BlueMap-Plugin-Loading/INFO]: Loading map 'eus_2_the_nether'...
[06:52:58] [BlueMap-Plugin-Loading/INFO]: Loading map 'eus_2_the_end'...
[06:52:58] [BlueMap-Plugin-Loading/INFO]: WebServer bound to all network interfaces on port 8100
[06:52:58] [Thread-25/INFO]: WebServer started.
[06:52:58] [BlueMap-Plugin-Loading/INFO]: BlueMap loaded!
[06:52:58] [GeyserServer-3-1/INFO]: Started Geyser on UDP port 19132
[06:52:58] [Server thread/INFO]: Done (9.638s)! Run /geyser help for help!
[06:52:58] [Server thread/INFO]: Started
[06:52:58] [DiscordIntegration-Core WorkerThread/ERROR]: java.lang.NullPointerException: Cannot invoke "net.dv8tion.jda.api.JDA.getSelfUser()" because the return value of "de.erdbeerbaerlp.dcintegration.common.DiscordIntegration.getJDA()" is null
[06:52:59] [Server thread/WARN]: Can't keep up! Is the server overloaded? Running 10643ms or 212 ticks behind
[06:53:59] [Server thread/INFO]: Server empty for 60 seconds, pausing
[06:57:48] [User Authenticator #1/INFO]: UUID of player Whmys is a8541b6e-1a1c-4e37-a901-5e5d499a6379
[06:57:57] [Server thread/INFO]: Whmys[/70.72.202.55:53320] logged in with entity id 43 at (852.8501697182692, 139.0, -103.14927677540327)
[06:57:57] [Server thread/INFO]: Player [Whmys] joined.
[06:57:57] [Server thread/INFO]: Whmys joined the game
[06:58:02] [Server thread/WARN]: Can't keep up! Is the server overloaded? Running 3374ms or 67 ticks behind
[06:58:12] [Server thread/INFO]: [Whmys: Set the time to 1000]
[06:58:16] [Netty Epoll IO #1/INFO]: Player [Whmys] disconnected.
[06:58:16] [Server thread/INFO]: Whmys lost connection: Disconnected
[06:58:16] [Server thread/INFO]: Whmys left the game
[06:59:16] [Server thread/INFO]: Server empty for 60 seconds, pausing
[07:04:38] [Server console handler/ERROR]: Exception handling console input
java.io.IOException: Input/output error
	at java.base/java.io.FileInputStream.readBytes(Native Method)
	at java.base/java.io.FileInputStream.read(FileInputStream.java:287)
	at java.base/java.io.BufferedInputStream.read1(BufferedInputStream.java:345)
	at java.base/java.io.BufferedInputStream.implRead(BufferedInputStream.java:420)
	at java.base/java.io.BufferedInputStream.read(BufferedInputStream.java:399)
	at java.base/sun.nio.cs.StreamDecoder.readBytes(StreamDecoder.java:350)
	at java.base/sun.nio.cs.StreamDecoder.implRead(StreamDecoder.java:393)
	at java.base/sun.nio.cs.StreamDecoder.lockedRead(StreamDecoder.java:217)
	at java.base/sun.nio.cs.StreamDecoder.read(StreamDecoder.java:171)
	at java.base/java.io.InputStreamReader.read(InputStreamReader.java:188)
	at java.base/java.io.BufferedReader.fill(BufferedReader.java:160)
	at java.base/java.io.BufferedReader.implReadLine(BufferedReader.java:370)
	at java.base/java.io.BufferedReader.readLine(BufferedReader.java:347)
	at java.base/java.io.BufferedReader.readLine(BufferedReader.java:436)
	at knot//net.minecraft.class_3176$1.run(class_3176.java:186)
