[2025-12-23 06:52:49][INFO] Loading resources...
[2025-12-23 06:52:49][FINE] Loading resources from: mods/Geyser-Fabric.jar ...
[2025-12-23 06:52:49][FINE] Loading resources from: mods/bluemap-5.15-fabric.jar ...
[2025-12-23 06:52:49][FINE] Loading resources from: mods/DistantHorizons-2.4.2-b-1.21.11-fabric-neoforge.jar ...
[2025-12-23 06:52:49][FINE] Loading resources from: mods/lithium-fabric-0.21.1+mc1.21.11.jar ...
[2025-12-23 06:52:49][FINE] Loading resources from: mods/Floodgate-Fabric-2.2.6-b54.jar ...
[2025-12-23 06:52:49][FINE] Loading resources from: mods/Chunky-Fabric-1.4.55.jar ...
[2025-12-23 06:52:49][FINE] Loading resources from: mods/dcintegration-fabric-MC1.21.10-3.1.0.1.jar ...
[2025-12-23 06:52:49][FINE] Loading resources from: mods/Terralith_1.21.x_v2.5.14.jar ...
[2025-12-23 06:52:49][FINE] Failed to read pack.mcmeta: java.lang.NumberFormatException: Expected an int but was 94.1 at line 4 column 27 path $.pack.min_format
[2025-12-23 06:52:49][FINE] Loading resources from: mods/fabric-api-0.139.5+1.21.11.jar ...
[2025-12-23 06:52:49][FINE] Loading resources from: bluemap/resourceExtensions.zip ...
[2025-12-23 06:52:50][FINE] Loading resources from: bluemap/minecraft-client-1.21.11.jar ...
[2025-12-23 06:52:51][FINE] Collecting texture-keys...
[2025-12-23 06:52:51][FINE] Found 2038 texture-keys.
[2025-12-23 06:52:51][FINE] Loading textures from: mods/Geyser-Fabric.jar ...
[2025-12-23 06:52:51][FINE] Loading textures from: mods/bluemap-5.15-fabric.jar ...
[2025-12-23 06:52:51][FINE] Loading textures from: mods/DistantHorizons-2.4.2-b-1.21.11-fabric-neoforge.jar ...
[2025-12-23 06:52:51][FINE] Loading textures from: mods/lithium-fabric-0.21.1+mc1.21.11.jar ...
[2025-12-23 06:52:51][FINE] Loading textures from: mods/Floodgate-Fabric-2.2.6-b54.jar ...
[2025-12-23 06:52:51][FINE] Loading textures from: mods/Chunky-Fabric-1.4.55.jar ...
[2025-12-23 06:52:51][FINE] Loading textures from: mods/dcintegration-fabric-MC1.21.10-3.1.0.1.jar ...
[2025-12-23 06:52:51][FINE] Loading textures from: mods/Terralith_1.21.x_v2.5.14.jar ...
[2025-12-23 06:52:51][FINE] Failed to read pack.mcmeta: java.lang.NumberFormatException: Expected an int but was 94.1 at line 4 column 27 path $.pack.min_format
[2025-12-23 06:52:51][FINE] Loading textures from: mods/fabric-api-0.139.5+1.21.11.jar ...
[2025-12-23 06:52:51][FINE] Loading textures from: bluemap/resourceExtensions.zip ...
[2025-12-23 06:52:51][FINE] Loading textures from: bluemap/minecraft-client-1.21.11.jar ...
[2025-12-23 06:52:55][FINE] Baking resources...
[2025-12-23 06:52:55][INFO] Resources loaded.
[2025-12-23 06:52:55][FINE] Loading world eus-2#minecraft:overworld ...
[2025-12-23 06:52:55][FINE] Loading datapack...
[2025-12-23 06:52:55][FINE] Loading datapack from: eus-2/datapacks/player head drops v1.1.15 (MC 1.21-1.21.11).zip ...
[2025-12-23 06:52:55][FINE] Loading datapack from: eus-2/datapacks/unlock all recipes v2.0.16 (MC 1.21-1.21.11).zip ...
[2025-12-23 06:52:55][FINE] Loading datapack from: eus-2/datapacks/more mob heads v2.18.0 (MC 1.21-1.21.11).zip ...
[2025-12-23 06:52:55][FINE] Loading datapack from: eus-2/datapacks/cairn-pack-data.zip ...
[2025-12-23 06:52:55][FINE] Failed to read pack.mcmeta: java.lang.NumberFormatException: Expected an int but was 94.1 at line 4 column 27 path $.pack.min_format
[2025-12-23 06:52:55][FINE] Loading datapack from: eus-2/datapacks/custom nether portals v2.3.18 (MC 1.21-1.21.11).zip ...
[2025-12-23 06:52:55][FINE] Loading datapack from: eus-2/datapacks/lavaflow-datapack.zip ...
[2025-12-23 06:52:55][FINE] Loading datapack from: eus-2/datapacks/track raw statistics v1.7.11 (MC 1.21-1.21.11).zip ...
[2025-12-23 06:52:55][FINE] Loading datapack from: eus-2/datapacks/durability ping v1.1.16 (MC 1.21-1.21.11).zip ...
[2025-12-23 06:52:55][FINE] Loading datapack from: eus-2/datapacks/track statistics v1.1.17 (MC 1.21-1.21.11).zip ...
[2025-12-23 06:52:55][FINE] Loading datapack from: eus-2/datapacks/BlazeandCave's Advancements Pack Terralith.zip ...
[2025-12-23 06:52:55][FINE] Loading datapack from: eus-2/datapacks/confetti creepers v2.2.16 (MC 1.21-1.21.11).zip ...
[2025-12-23 06:52:55][FINE] Loading datapack from: eus-2/datapacks/homes v1.5.17 (MC 1.21-1.21.11).zip ...
[2025-12-23 06:52:55][FINE] Loading datapack from: eus-2/datapacks/mini blocks v1.1.5 (MC 1.21-1.21.11).zip ...
[2025-12-23 06:52:55][FINE] Loading datapack from: eus-2/datapacks/VanillaTweaks_Craftting.zip ...
[2025-12-23 06:52:55][FINE] Loading datapack from: eus-2/datapacks/double shulker shells v1.3.15 (MC 1.21-1.21.11).zip ...
[2025-12-23 06:52:55][FINE] Loading datapack from: eus-2/datapacks/wandering trades v1.7.14 (MC 1.21-1.21.11).zip ...
[2025-12-23 06:52:55][FINE] Loading datapack from: eus-2/datapacks/spawn v2.3.15 (MC 1.21-1.21.11).zip ...
[2025-12-23 06:52:55][FINE] Loading datapack from: eus-2/datapacks/Terralith_v2.5.14_1.21.11.zip ...
[2025-12-23 06:52:55][FINE] Failed to read pack.mcmeta: java.lang.NumberFormatException: Expected an int but was 94.1 at line 4 column 27 path $.pack.min_format
[2025-12-23 06:52:55][FINE] Loading datapack from: eus-2/datapacks/armor statues v2.8.21 (MC 1.21-1.21.11).zip ...
[2025-12-23 06:52:55][FINE] Loading datapack from: eus-2/datapacks/painting picker v1.1.2 (MC 1.21-1.21.11).zip ...
[2025-12-23 06:52:55][FINE] Loading datapack from: mods/Geyser-Fabric.jar ...
[2025-12-23 06:52:55][FINE] Loading datapack from: mods/bluemap-5.15-fabric.jar ...
[2025-12-23 06:52:55][FINE] Loading datapack from: mods/DistantHorizons-2.4.2-b-1.21.11-fabric-neoforge.jar ...
[2025-12-23 06:52:55][FINE] Loading datapack from: mods/lithium-fabric-0.21.1+mc1.21.11.jar ...
[2025-12-23 06:52:55][FINE] Loading datapack from: mods/Floodgate-Fabric-2.2.6-b54.jar ...
[2025-12-23 06:52:55][FINE] Loading datapack from: mods/Chunky-Fabric-1.4.55.jar ...
[2025-12-23 06:52:55][FINE] Loading datapack from: mods/dcintegration-fabric-MC1.21.10-3.1.0.1.jar ...
[2025-12-23 06:52:55][FINE] Loading datapack from: mods/Terralith_1.21.x_v2.5.14.jar ...
[2025-12-23 06:52:55][FINE] Failed to read pack.mcmeta: java.lang.NumberFormatException: Expected an int but was 94.1 at line 4 column 27 path $.pack.min_format
[2025-12-23 06:52:55][FINE] Loading datapack from: mods/fabric-api-0.139.5+1.21.11.jar ...
[2025-12-23 06:52:55][FINE] Loading datapack from: bluemap/resourceExtensions.zip ...
[2025-12-23 06:52:55][FINE] Loading datapack from: bluemap/minecraft-client-1.21.11.jar ...
[2025-12-23 06:52:55][FINE] Baking datapack...
[2025-12-23 06:52:55][FINE] Datapack loaded.
[2025-12-23 06:52:56][INFO] Initializing Storage: 'file' (Type: 'bluemap:file')
[2025-12-23 06:52:56][INFO] Loading map 'eus_2'...
[2025-12-23 06:52:56][FINE] Loading render-state for map 'eus_2'
[2025-12-23 06:52:56][FINE] Loading textures for map 'eus_2'
[2025-12-23 06:52:56][FINE] Loading world eus-2#minecraft:the_nether ...
[2025-12-23 06:52:56][FINE] Loading datapack...
[2025-12-23 06:52:56][FINE] Loading datapack from: eus-2/datapacks/player head drops v1.1.15 (MC 1.21-1.21.11).zip ...
[2025-12-23 06:52:56][FINE] Loading datapack from: eus-2/datapacks/unlock all recipes v2.0.16 (MC 1.21-1.21.11).zip ...
[2025-12-23 06:52:56][FINE] Loading datapack from: eus-2/datapacks/more mob heads v2.18.0 (MC 1.21-1.21.11).zip ...
[2025-12-23 06:52:56][FINE] Loading datapack from: eus-2/datapacks/cairn-pack-data.zip ...
[2025-12-23 06:52:56][FINE] Failed to read pack.mcmeta: java.lang.NumberFormatException: Expected an int but was 94.1 at line 4 column 27 path $.pack.min_format
[2025-12-23 06:52:56][FINE] Loading datapack from: eus-2/datapacks/custom nether portals v2.3.18 (MC 1.21-1.21.11).zip ...
[2025-12-23 06:52:56][FINE] Loading datapack from: eus-2/datapacks/lavaflow-datapack.zip ...
[2025-12-23 06:52:56][FINE] Loading datapack from: eus-2/datapacks/track raw statistics v1.7.11 (MC 1.21-1.21.11).zip ...
[2025-12-23 06:52:56][FINE] Loading datapack from: eus-2/datapacks/durability ping v1.1.16 (MC 1.21-1.21.11).zip ...
[2025-12-23 06:52:56][FINE] Loading datapack from: eus-2/datapacks/track statistics v1.1.17 (MC 1.21-1.21.11).zip ...
[2025-12-23 06:52:56][FINE] Loading datapack from: eus-2/datapacks/BlazeandCave's Advancements Pack Terralith.zip ...
[2025-12-23 06:52:56][FINE] Loading datapack from: eus-2/datapacks/confetti creepers v2.2.16 (MC 1.21-1.21.11).zip ...
[2025-12-23 06:52:56][FINE] Loading datapack from: eus-2/datapacks/homes v1.5.17 (MC 1.21-1.21.11).zip ...
[2025-12-23 06:52:56][FINE] Loading datapack from: eus-2/datapacks/mini blocks v1.1.5 (MC 1.21-1.21.11).zip ...
[2025-12-23 06:52:56][FINE] Loading datapack from: eus-2/datapacks/VanillaTweaks_Craftting.zip ...
[2025-12-23 06:52:56][FINE] Loading datapack from: eus-2/datapacks/double shulker shells v1.3.15 (MC 1.21-1.21.11).zip ...
[2025-12-23 06:52:56][FINE] Loading datapack from: eus-2/datapacks/wandering trades v1.7.14 (MC 1.21-1.21.11).zip ...
[2025-12-23 06:52:56][FINE] Loading datapack from: eus-2/datapacks/spawn v2.3.15 (MC 1.21-1.21.11).zip ...
[2025-12-23 06:52:56][FINE] Loading datapack from: eus-2/datapacks/Terralith_v2.5.14_1.21.11.zip ...
[2025-12-23 06:52:56][FINE] Failed to read pack.mcmeta: java.lang.NumberFormatException: Expected an int but was 94.1 at line 4 column 27 path $.pack.min_format
[2025-12-23 06:52:56][FINE] Loading datapack from: eus-2/datapacks/armor statues v2.8.21 (MC 1.21-1.21.11).zip ...
[2025-12-23 06:52:56][FINE] Loading datapack from: eus-2/datapacks/painting picker v1.1.2 (MC 1.21-1.21.11).zip ...
[2025-12-23 06:52:56][FINE] Loading datapack from: mods/Geyser-Fabric.jar ...
[2025-12-23 06:52:56][FINE] Loading datapack from: mods/bluemap-5.15-fabric.jar ...
[2025-12-23 06:52:56][FINE] Loading datapack from: mods/DistantHorizons-2.4.2-b-1.21.11-fabric-neoforge.jar ...
[2025-12-23 06:52:56][FINE] Loading datapack from: mods/lithium-fabric-0.21.1+mc1.21.11.jar ...
[2025-12-23 06:52:56][FINE] Loading datapack from: mods/Floodgate-Fabric-2.2.6-b54.jar ...
[2025-12-23 06:52:56][FINE] Loading datapack from: mods/Chunky-Fabric-1.4.55.jar ...
[2025-12-23 06:52:56][FINE] Loading datapack from: mods/dcintegration-fabric-MC1.21.10-3.1.0.1.jar ...
[2025-12-23 06:52:57][FINE] Loading datapack from: mods/Terralith_1.21.x_v2.5.14.jar ...
[2025-12-23 06:52:57][FINE] Failed to read pack.mcmeta: java.lang.NumberFormatException: Expected an int but was 94.1 at line 4 column 27 path $.pack.min_format
[2025-12-23 06:52:57][FINE] Loading datapack from: mods/fabric-api-0.139.5+1.21.11.jar ...
[2025-12-23 06:52:57][FINE] Loading datapack from: bluemap/resourceExtensions.zip ...
[2025-12-23 06:52:57][FINE] Loading datapack from: bluemap/minecraft-client-1.21.11.jar ...
[2025-12-23 06:52:57][FINE] Baking datapack...
[2025-12-23 06:52:57][FINE] Datapack loaded.
[2025-12-23 06:52:57][INFO] Loading map 'eus_2_the_nether'...
[2025-12-23 06:52:57][FINE] Loading render-state for map 'eus_2_the_nether'
[2025-12-23 06:52:57][FINE] Loading textures for map 'eus_2_the_nether'
[2025-12-23 06:52:57][FINE] Loading world eus-2#minecraft:the_end ...
[2025-12-23 06:52:57][FINE] Loading datapack...
[2025-12-23 06:52:57][FINE] Loading datapack from: eus-2/datapacks/player head drops v1.1.15 (MC 1.21-1.21.11).zip ...
[2025-12-23 06:52:57][FINE] Loading datapack from: eus-2/datapacks/unlock all recipes v2.0.16 (MC 1.21-1.21.11).zip ...
[2025-12-23 06:52:57][FINE] Loading datapack from: eus-2/datapacks/more mob heads v2.18.0 (MC 1.21-1.21.11).zip ...
[2025-12-23 06:52:57][FINE] Loading datapack from: eus-2/datapacks/cairn-pack-data.zip ...
[2025-12-23 06:52:57][FINE] Failed to read pack.mcmeta: java.lang.NumberFormatException: Expected an int but was 94.1 at line 4 column 27 path $.pack.min_format
[2025-12-23 06:52:57][FINE] Loading datapack from: eus-2/datapacks/custom nether portals v2.3.18 (MC 1.21-1.21.11).zip ...
[2025-12-23 06:52:57][FINE] Loading datapack from: eus-2/datapacks/lavaflow-datapack.zip ...
[2025-12-23 06:52:57][FINE] Loading datapack from: eus-2/datapacks/track raw statistics v1.7.11 (MC 1.21-1.21.11).zip ...
[2025-12-23 06:52:57][FINE] Loading datapack from: eus-2/datapacks/durability ping v1.1.16 (MC 1.21-1.21.11).zip ...
[2025-12-23 06:52:57][FINE] Loading datapack from: eus-2/datapacks/track statistics v1.1.17 (MC 1.21-1.21.11).zip ...
[2025-12-23 06:52:57][FINE] Loading datapack from: eus-2/datapacks/BlazeandCave's Advancements Pack Terralith.zip ...
[2025-12-23 06:52:57][FINE] Loading datapack from: eus-2/datapacks/confetti creepers v2.2.16 (MC 1.21-1.21.11).zip ...
[2025-12-23 06:52:57][FINE] Loading datapack from: eus-2/datapacks/homes v1.5.17 (MC 1.21-1.21.11).zip ...
[2025-12-23 06:52:57][FINE] Loading datapack from: eus-2/datapacks/mini blocks v1.1.5 (MC 1.21-1.21.11).zip ...
[2025-12-23 06:52:57][FINE] Loading datapack from: eus-2/datapacks/VanillaTweaks_Craftting.zip ...
[2025-12-23 06:52:57][FINE] Loading datapack from: eus-2/datapacks/double shulker shells v1.3.15 (MC 1.21-1.21.11).zip ...
[2025-12-23 06:52:57][FINE] Loading datapack from: eus-2/datapacks/wandering trades v1.7.14 (MC 1.21-1.21.11).zip ...
[2025-12-23 06:52:57][FINE] Loading datapack from: eus-2/datapacks/spawn v2.3.15 (MC 1.21-1.21.11).zip ...
[2025-12-23 06:52:57][FINE] Loading datapack from: eus-2/datapacks/Terralith_v2.5.14_1.21.11.zip ...
[2025-12-23 06:52:57][FINE] Failed to read pack.mcmeta: java.lang.NumberFormatException: Expected an int but was 94.1 at line 4 column 27 path $.pack.min_format
[2025-12-23 06:52:57][FINE] Loading datapack from: eus-2/datapacks/armor statues v2.8.21 (MC 1.21-1.21.11).zip ...
[2025-12-23 06:52:57][FINE] Loading datapack from: eus-2/datapacks/painting picker v1.1.2 (MC 1.21-1.21.11).zip ...
[2025-12-23 06:52:57][FINE] Loading datapack from: mods/Geyser-Fabric.jar ...
[2025-12-23 06:52:57][FINE] Loading datapack from: mods/bluemap-5.15-fabric.jar ...
[2025-12-23 06:52:57][FINE] Loading datapack from: mods/DistantHorizons-2.4.2-b-1.21.11-fabric-neoforge.jar ...
[2025-12-23 06:52:57][FINE] Loading datapack from: mods/lithium-fabric-0.21.1+mc1.21.11.jar ...
[2025-12-23 06:52:57][FINE] Loading datapack from: mods/Floodgate-Fabric-2.2.6-b54.jar ...
[2025-12-23 06:52:57][FINE] Loading datapack from: mods/Chunky-Fabric-1.4.55.jar ...
[2025-12-23 06:52:57][FINE] Loading datapack from: mods/dcintegration-fabric-MC1.21.10-3.1.0.1.jar ...
[2025-12-23 06:52:57][FINE] Loading datapack from: mods/Terralith_1.21.x_v2.5.14.jar ...
[2025-12-23 06:52:57][FINE] Failed to read pack.mcmeta: java.lang.NumberFormatException: Expected an int but was 94.1 at line 4 column 27 path $.pack.min_format
[2025-12-23 06:52:57][FINE] Loading datapack from: mods/fabric-api-0.139.5+1.21.11.jar ...
[2025-12-23 06:52:57][FINE] Loading datapack from: bluemap/resourceExtensions.zip ...
[2025-12-23 06:52:57][FINE] Loading datapack from: bluemap/minecraft-client-1.21.11.jar ...
[2025-12-23 06:52:58][FINE] Baking datapack...
[2025-12-23 06:52:58][FINE] Datapack loaded.
[2025-12-23 06:52:58][INFO] Loading map 'eus_2_the_end'...
[2025-12-23 06:52:58][FINE] Loading render-state for map 'eus_2_the_end'
[2025-12-23 06:52:58][FINE] Loading textures for map 'eus_2_the_end'
[2025-12-23 06:52:58][INFO] WebServer bound to all network interfaces on port 8100
[2025-12-23 06:52:58][INFO] WebServer started.
[2025-12-23 06:52:58][FINE] Started watching map 'eus_2' for updates...
[2025-12-23 06:52:58][FINE] Started watching map 'eus_2_the_nether' for updates...
[2025-12-23 06:52:58][FINE] Started watching map 'eus_2_the_end' for updates...
[2025-12-23 06:52:58][INFO] BlueMap loaded!
[2025-12-23 06:53:05][FINE] Scheduled update for region-file: (23640, -16106) (Map: eus_2)
[2025-12-23 06:58:20][FINE] Scheduled update for region-file: (2, 0) (Map: eus_2)
[2025-12-23 06:58:20][FINE] Scheduled update for region-file: (2, -1) (Map: eus_2)
[2025-12-23 06:58:20][FINE] Scheduled update for region-file: (1, 0) (Map: eus_2)
[2025-12-23 06:58:21][FINE] Scheduled update for region-file: (1, -1) (Map: eus_2)
